# JRE version: OpenJDK Runtime Environment Temurin-21.0.11+10 (21.0.11+10) (build 21.0.11+10-LTS)
# Java VM: OpenJDK 64-Bit Server VM Temurin-21.0.11+10 (21.0.11+10-LTS, mixed mode, sharing, tiered, compressed oops, compressed class ptrs, parallel gc, windows-amd64)
GC Precious Log:
 CardTable entry size: 512
 CPUs: 8 total, 8 available
 Memory: 7418M
 Large Page Support: Disabled
 NUMA Support: Disabled
 Compressed Oops: Enabled (32-bit)
 Alignments: Space 512K, Generation 512K, Heap 2M
 Heap Min Capacity: 100M
 Heap Initial Capacity: 100M
 Heap Max Capacity: 2G
 Pre-touch: Disabled
 Parallel Workers: 8
Heap:
 PSYoungGen      total 4096K, used 1066K [0x00000000d5580000, 0x00000000d5c00000, 0x0000000100000000)
  eden space 3584K, 20% used [0x00000000d5580000,0x00000000d563aac8,0x00000000d5900000)
  from space 512K, 62% used [0x00000000d5b80000,0x00000000d5bd0000,0x00000000d5c00000)
  to   space 512K, 0% used [0x00000000d5b00000,0x00000000d5b00000,0x00000000d5b80000)
 ParOldGen       total 209408K, used 121758K [0x0000000080000000, 0x000000008cc80000, 0x00000000d5580000)
  object space 209408K, 58% used [0x0000000080000000,0x00000000876e79a0,0x000000008cc80000)
 Metaspace       used 71939K, committed 73536K, reserved 1114112K
  class space    used 7327K, committed 8064K, reserved 1048576K
GC Heap History (20 events):
Event: 8851.011 GC heap before
{Heap before GC invocations=600 (full 3):
 PSYoungGen      total 4608K, used 4098K [0x00000000d5580000, 0x00000000d5d00000, 0x0000000100000000)
  eden space 3584K, 100% used [0x00000000d5580000,0x00000000d5900000,0x00000000d5900000)
  from space 1024K, 50% used [0x00000000d5c00000,0x00000000d5c80908,0x00000000d5d00000)
  to   space 1024K, 0% used [0x00000000d5900000,0x00000000d5900000,0x00000000d5a00000)
 ParOldGen       total 209408K, used 120149K [0x0000000080000000, 0x000000008cc80000, 0x00000000d5580000)
  object space 209408K, 57% used [0x0000000080000000,0x0000000087555520,0x000000008cc80000)
 Metaspace       used 71855K, committed 73472K, reserved 1114112K
  class space    used 7317K, committed 8064K, reserved 1048576K
}
Event: 8851.100 GC heap after
{Heap after GC invocations=600 (full 3):
 PSYoungGen      total 4608K, used 614K [0x00000000d5580000, 0x00000000d5c80000, 0x0000000100000000)
  eden space 3584K, 0% used [0x00000000d5580000,0x00000000d5580000,0x00000000d5900000)
  from space 1024K, 60% used [0x00000000d5900000,0x00000000d5999a38,0x00000000d5a00000)
  to   space 1024K, 0% used [0x00000000d5b80000,0x00000000d5b80000,0x00000000d5c80000)
 ParOldGen       total 209408K, used 120373K [0x0000000080000000, 0x000000008cc80000, 0x00000000d5580000)
  object space 209408K, 57% used [0x0000000080000000,0x000000008758d520,0x000000008cc80000)
 Metaspace       used 71855K, committed 73472K, reserved 1114112K
  class space    used 7317K, committed 8064K, reserved 1048576K
}
Event: 8852.100 GC heap before
{Heap before GC invocations=601 (full 3):
 PSYoungGen      total 4608K, used 4198K [0x00000000d5580000, 0x00000000d5c80000, 0x0000000100000000)
  eden space 3584K, 100% used [0x00000000d5580000,0x00000000d5900000,0x00000000d5900000)
  from space 1024K, 60% used [0x00000000d5900000,0x00000000d5999a38,0x00000000d5a00000)
  to   space 1024K, 0% used [0x00000000d5b80000,0x00000000d5b80000,0x00000000d5c80000)
 ParOldGen       total 209408K, used 120373K [0x0000000080000000, 0x000000008cc80000, 0x00000000d5580000)
  object space 209408K, 57% used [0x0000000080000000,0x000000008758d520,0x000000008cc80000)
 Metaspace       used 71915K, committed 73536K, reserved 1114112K
  class space    used 7326K, committed 8064K, reserved 1048576K
}
Event: 8852.107 GC heap after
{Heap after GC invocations=601 (full 3):
 PSYoungGen      total 4096K, used 352K [0x00000000d5580000, 0x00000000d5c00000, 0x0000000100000000)
  eden space 3584K, 0% used [0x00000000d5580000,0x00000000d5580000,0x00000000d5900000)
  from space 512K, 68% used [0x00000000d5b80000,0x00000000d5bd8000,0x00000000d5c00000)
  to   space 512K, 0% used [0x00000000d5b00000,0x00000000d5b00000,0x00000000d5b80000)
 ParOldGen       total 209408K, used 120870K [0x0000000080000000, 0x000000008cc80000, 0x00000000d5580000)
  object space 209408K, 57% used [0x0000000080000000,0x0000000087609970,0x000000008cc80000)
 Metaspace       used 71915K, committed 73536K, reserved 1114112K
  class space    used 7326K, committed 8064K, reserved 1048576K
}
Event: 8919.082 GC heap before
{Heap before GC invocations=602 (full 3):
 PSYoungGen      total 4096K, used 3936K [0x00000000d5580000, 0x00000000d5c00000, 0x0000000100000000)
  eden space 3584K, 100% used [0x00000000d5580000,0x00000000d5900000,0x00000000d5900000)
  from space 512K, 68% used [0x00000000d5b80000,0x00000000d5bd8000,0x00000000d5c00000)
  to   space 512K, 0% used [0x00000000d5b00000,0x00000000d5b00000,0x00000000d5b80000)
 ParOldGen       total 209408K, used 120870K [0x0000000080000000, 0x000000008cc80000, 0x00000000d5580000)
  object space 209408K, 57% used [0x0000000080000000,0x0000000087609970,0x000000008cc80000)
 Metaspace       used 71917K, committed 73536K, reserved 1114112K
  class space    used 7326K, committed 8064K, reserved 1048576K
}
Event: 8919.091 GC heap after
{Heap after GC invocations=602 (full 3):
 PSYoungGen      total 4096K, used 288K [0x00000000d5580000, 0x00000000d5c00000, 0x0000000100000000)
  eden space 3584K, 0% used [0x00000000d5580000,0x00000000d5580000,0x00000000d5900000)
  from space 512K, 56% used [0x00000000d5b00000,0x00000000d5b48000,0x00000000d5b80000)
  to   space 512K, 0% used [0x00000000d5b80000,0x00000000d5b80000,0x00000000d5c00000)
 ParOldGen       total 209408K, used 120934K [0x0000000080000000, 0x000000008cc80000, 0x00000000d5580000)
  object space 209408K, 57% used [0x0000000080000000,0x0000000087619970,0x000000008cc80000)
 Metaspace       used 71917K, committed 73536K, reserved 1114112K
  class space    used 7326K, committed 8064K, reserved 1048576K
}
Event: 8931.742 GC heap before
{Heap before GC invocations=603 (full 3):
 PSYoungGen      total 4096K, used 3871K [0x00000000d5580000, 0x00000000d5c00000, 0x0000000100000000)
  eden space 3584K, 99% used [0x00000000d5580000,0x00000000d58ffff0,0x00000000d5900000)
  from space 512K, 56% used [0x00000000d5b00000,0x00000000d5b48000,0x00000000d5b80000)
  to   space 512K, 0% used [0x00000000d5b80000,0x00000000d5b80000,0x00000000d5c00000)
 ParOldGen       total 209408K, used 120934K [0x0000000080000000, 0x000000008cc80000, 0x00000000d5580000)
  object space 209408K, 57% used [0x0000000080000000,0x0000000087619970,0x000000008cc80000)
 Metaspace       used 71922K, committed 73536K, reserved 1114112K
  class space    used 7327K, committed 8064K, reserved 1048576K
}
Event: 8931.744 GC heap after
{Heap after GC invocations=603 (full 3):
 PSYoungGen      total 4096K, used 256K [0x00000000d5580000, 0x00000000d5c00000, 0x0000000100000000)
  eden space 3584K, 0% used [0x00000000d5580000,0x00000000d5580000,0x00000000d5900000)
  from space 512K, 50% used [0x00000000d5b80000,0x00000000d5bc0000,0x00000000d5c00000)
  to   space 512K, 0% used [0x00000000d5b00000,0x00000000d5b00000,0x00000000d5b80000)
 ParOldGen       total 209408K, used 121054K [0x0000000080000000, 0x000000008cc80000, 0x00000000d5580000)
  object space 209408K, 57% used [0x0000000080000000,0x0000000087637970,0x000000008cc80000)
 Metaspace       used 71922K, committed 73536K, reserved 1114112K
  class space    used 7327K, committed 8064K, reserved 1048576K
}
Event: 8931.896 GC heap before
{Heap before GC invocations=604 (full 3):
 PSYoungGen      total 4096K, used 3840K [0x00000000d5580000, 0x00000000d5c00000, 0x0000000100000000)
  eden space 3584K, 100% used [0x00000000d5580000,0x00000000d5900000,0x00000000d5900000)
  from space 512K, 50% used [0x00000000d5b80000,0x00000000d5bc0000,0x00000000d5c00000)
  to   space 512K, 0% used [0x00000000d5b00000,0x00000000d5b00000,0x00000000d5b80000)
 ParOldGen       total 209408K, used 121054K [0x0000000080000000, 0x000000008cc80000, 0x00000000d5580000)
  object space 209408K, 57% used [0x0000000080000000,0x0000000087637970,0x000000008cc80000)
 Metaspace       used 71923K, committed 73536K, reserved 1114112K
  class space    used 7327K, committed 8064K, reserved 1048576K
}
Event: 8931.898 GC heap after
{Heap after GC invocations=604 (full 3):
 PSYoungGen      total 4096K, used 288K [0x00000000d5580000, 0x00000000d5c00000, 0x0000000100000000)
  eden space 3584K, 0% used [0x00000000d5580000,0x00000000d5580000,0x00000000d5900000)
  from space 512K, 56% used [0x00000000d5b00000,0x00000000d5b48000,0x00000000d5b80000)
  to   space 512K, 0% used [0x00000000d5b80000,0x00000000d5b80000,0x00000000d5c00000)
 ParOldGen       total 209408K, used 121110K [0x0000000080000000, 0x000000008cc80000, 0x00000000d5580000)
  object space 209408K, 57% used [0x0000000080000000,0x0000000087645970,0x000000008cc80000)
 Metaspace       used 71923K, committed 73536K, reserved 1114112K
  class space    used 7327K, committed 8064K, reserved 1048576K
}
Event: 9612.807 GC heap before
{Heap before GC invocations=605 (full 3):
 PSYoungGen      total 4096K, used 3850K [0x00000000d5580000, 0x00000000d5c00000, 0x0000000100000000)
  eden space 3584K, 99% used [0x00000000d5580000,0x00000000d58faa98,0x00000000d5900000)
  from space 512K, 56% used [0x00000000d5b00000,0x00000000d5b48000,0x00000000d5b80000)
  to   space 512K, 0% used [0x00000000d5b80000,0x00000000d5b80000,0x00000000d5c00000)
 ParOldGen       total 209408K, used 121110K [0x0000000080000000, 0x000000008cc80000, 0x00000000d5580000)
  object space 209408K, 57% used [0x0000000080000000,0x0000000087645970,0x000000008cc80000)
 Metaspace       used 71928K, committed 73536K, reserved 1114112K
  class space    used 7327K, committed 8064K, reserved 1048576K
}
Event: 9612.885 GC heap after
{Heap after GC invocations=605 (full 3):
 PSYoungGen      total 4096K, used 352K [0x00000000d5580000, 0x00000000d5c00000, 0x0000000100000000)
  eden space 3584K, 0% used [0x00000000d5580000,0x00000000d5580000,0x00000000d5900000)
  from space 512K, 68% used [0x00000000d5b80000,0x00000000d5bd8020,0x00000000d5c00000)
  to   space 512K, 0% used [0x00000000d5b00000,0x00000000d5b00000,0x00000000d5b80000)
 ParOldGen       total 209408K, used 121238K [0x0000000080000000, 0x000000008cc80000, 0x00000000d5580000)
  object space 209408K, 57% used [0x0000000080000000,0x0000000087665970,0x000000008cc80000)
 Metaspace       used 71928K, committed 73536K, reserved 1114112K
  class space    used 7327K, committed 8064K, reserved 1048576K
}
Event: 9613.588 GC heap before
{Heap before GC invocations=606 (full 3):
 PSYoungGen      total 4096K, used 3936K [0x00000000d5580000, 0x00000000d5c00000, 0x0000000100000000)
  eden space 3584K, 100% used [0x00000000d5580000,0x00000000d5900000,0x00000000d5900000)
  from space 512K, 68% used [0x00000000d5b80000,0x00000000d5bd8020,0x00000000d5c00000)
  to   space 512K, 0% used [0x00000000d5b00000,0x00000000d5b00000,0x00000000d5b80000)
 ParOldGen       total 209408K, used 121238K [0x0000000080000000, 0x000000008cc80000, 0x00000000d5580000)
  object space 209408K, 57% used [0x0000000080000000,0x0000000087665970,0x000000008cc80000)
 Metaspace       used 71931K, committed 73536K, reserved 1114112K
  class space    used 7327K, committed 8064K, reserved 1048576K
}
Event: 9613.598 GC heap after
{Heap after GC invocations=606 (full 3):
 PSYoungGen      total 4096K, used 384K [0x00000000d5580000, 0x00000000d5c00000, 0x0000000100000000)
  eden space 3584K, 0% used [0x00000000d5580000,0x00000000d5580000,0x00000000d5900000)
  from space 512K, 75% used [0x00000000d5b00000,0x00000000d5b60020,0x00000000d5b80000)
  to   space 512K, 0% used [0x00000000d5b80000,0x00000000d5b80000,0x00000000d5c00000)
 ParOldGen       total 209408K, used 121390K [0x0000000080000000, 0x000000008cc80000, 0x00000000d5580000)
  object space 209408K, 57% used [0x0000000080000000,0x000000008768b980,0x000000008cc80000)
 Metaspace       used 71931K, committed 73536K, reserved 1114112K
  class space    used 7327K, committed 8064K, reserved 1048576K
}
Event: 9653.687 GC heap before
{Heap before GC invocations=607 (full 3):
 PSYoungGen      total 4096K, used 3968K [0x00000000d5580000, 0x00000000d5c00000, 0x0000000100000000)
  eden space 3584K, 100% used [0x00000000d5580000,0x00000000d5900000,0x00000000d5900000)
  from space 512K, 75% used [0x00000000d5b00000,0x00000000d5b60020,0x00000000d5b80000)
  to   space 512K, 0% used [0x00000000d5b80000,0x00000000d5b80000,0x00000000d5c00000)
 ParOldGen       total 209408K, used 121390K [0x0000000080000000, 0x000000008cc80000, 0x00000000d5580000)
  object space 209408K, 57% used [0x0000000080000000,0x000000008768b980,0x000000008cc80000)
 Metaspace       used 71936K, committed 73536K, reserved 1114112K
  class space    used 7327K, committed 8064K, reserved 1048576K
}
Event: 9653.705 GC heap after
{Heap after GC invocations=607 (full 3):
 PSYoungGen      total 4096K, used 352K [0x00000000d5580000, 0x00000000d5c00000, 0x0000000100000000)
  eden space 3584K, 0% used [0x00000000d5580000,0x00000000d5580000,0x00000000d5900000)
  from space 512K, 68% used [0x00000000d5b80000,0x00000000d5bd8000,0x00000000d5c00000)
  to   space 512K, 0% used [0x00000000d5b00000,0x00000000d5b00000,0x00000000d5b80000)
 ParOldGen       total 209408K, used 121494K [0x0000000080000000, 0x000000008cc80000, 0x00000000d5580000)
  object space 209408K, 58% used [0x0000000080000000,0x00000000876a59a0,0x000000008cc80000)
 Metaspace       used 71936K, committed 73536K, reserved 1114112K
  class space    used 7327K, committed 8064K, reserved 1048576K
}
Event: 9686.210 GC heap before
{Heap before GC invocations=608 (full 3):
 PSYoungGen      total 4096K, used 3936K [0x00000000d5580000, 0x00000000d5c00000, 0x0000000100000000)
  eden space 3584K, 100% used [0x00000000d5580000,0x00000000d5900000,0x00000000d5900000)
  from space 512K, 68% used [0x00000000d5b80000,0x00000000d5bd8000,0x00000000d5c00000)
  to   space 512K, 0% used [0x00000000d5b00000,0x00000000d5b00000,0x00000000d5b80000)
 ParOldGen       total 209408K, used 121494K [0x0000000080000000, 0x000000008cc80000, 0x00000000d5580000)
  object space 209408K, 58% used [0x0000000080000000,0x00000000876a59a0,0x000000008cc80000)
 Metaspace       used 71936K, committed 73536K, reserved 1114112K
  class space    used 7327K, committed 8064K, reserved 1048576K
}
Event: 9686.216 GC heap after
{Heap after GC invocations=608 (full 3):
 PSYoungGen      total 4096K, used 336K [0x00000000d5580000, 0x00000000d5c00000, 0x0000000100000000)
  eden space 3584K, 0% used [0x00000000d5580000,0x00000000d5580000,0x00000000d5900000)
  from space 512K, 65% used [0x00000000d5b00000,0x00000000d5b54010,0x00000000d5b80000)
  to   space 512K, 0% used [0x00000000d5b80000,0x00000000d5b80000,0x00000000d5c00000)
 ParOldGen       total 209408K, used 121630K [0x0000000080000000, 0x000000008cc80000, 0x00000000d5580000)
  object space 209408K, 58% used [0x0000000080000000,0x00000000876c79a0,0x000000008cc80000)
 Metaspace       used 71936K, committed 73536K, reserved 1114112K
  class space    used 7327K, committed 8064K, reserved 1048576K
}
Event: 9686.292 GC heap before
{Heap before GC invocations=609 (full 3):
 PSYoungGen      total 4096K, used 3920K [0x00000000d5580000, 0x00000000d5c00000, 0x0000000100000000)
  eden space 3584K, 100% used [0x00000000d5580000,0x00000000d5900000,0x00000000d5900000)
  from space 512K, 65% used [0x00000000d5b00000,0x00000000d5b54010,0x00000000d5b80000)
  to   space 512K, 0% used [0x00000000d5b80000,0x00000000d5b80000,0x00000000d5c00000)
 ParOldGen       total 209408K, used 121630K [0x0000000080000000, 0x000000008cc80000, 0x00000000d5580000)
  object space 209408K, 58% used [0x0000000080000000,0x00000000876c79a0,0x000000008cc80000)
 Metaspace       used 71937K, committed 73536K, reserved 1114112K
  class space    used 7327K, committed 8064K, reserved 1048576K
}
Event: 9686.294 GC heap after
{Heap after GC invocations=609 (full 3):
 PSYoungGen      total 4096K, used 320K [0x00000000d5580000, 0x00000000d5c00000, 0x0000000100000000)
  eden space 3584K, 0% used [0x00000000d5580000,0x00000000d5580000,0x00000000d5900000)
  from space 512K, 62% used [0x00000000d5b80000,0x00000000d5bd0000,0x00000000d5c00000)
  to   space 512K, 0% used [0x00000000d5b00000,0x00000000d5b00000,0x00000000d5b80000)
 ParOldGen       total 209408K, used 121758K [0x0000000080000000, 0x000000008cc80000, 0x00000000d5580000)
  object space 209408K, 58% used [0x0000000080000000,0x00000000876e79a0,0x000000008cc80000)
 Metaspace       used 71937K, committed 73536K, reserved 1114112K
  class space    used 7327K, committed 8064K, reserved 1048576K
}

