# JRE version: Java(TM) SE Runtime Environment (17.0.12+8) (build 17.0.12+8-LTS-286)
# Java VM: Java HotSpot(TM) 64-Bit Server VM (17.0.12+8-LTS-286, mixed mode, sharing, tiered, compressed oops, compressed class ptrs, g1 gc, windows-amd64)
GC Precious Log:
 CPUs: 8 total, 8 available
 Memory: 7418M
 Large Page Support: Disabled
 NUMA Support: Disabled
 Compressed Oops: Enabled (32-bit)
 Heap Region Size: 1M
 Heap Min Capacity: 8M
 Heap Initial Capacity: 116M
 Heap Max Capacity: 1856M
 Pre-touch: Disabled
 Parallel Workers: 8
 Concurrent Workers: 2
 Concurrent Refinement Workers: 8
 Periodic GC: Disabled
Heap:
 garbage-first heap   total 195584K, used 78077K [0x000000008c000000, 0x0000000100000000)
  region size 1024K, 1 young (1024K), 1 survivors (1024K)
 Metaspace       used 88781K, committed 89408K, reserved 1179648K
  class space    used 12571K, committed 12864K, reserved 1048576K
GC Heap History (20 events):
Event: 19.910 GC heap after
{Heap after GC invocations=20 (full 0):
 garbage-first heap   total 81920K, used 40274K [0x000000008c000000, 0x0000000100000000)
  region size 1024K, 3 young (3072K), 3 survivors (3072K)
 Metaspace       used 84331K, committed 84928K, reserved 1179648K
  class space    used 11718K, committed 12032K, reserved 1048576K
}
Event: 20.071 GC heap before
{Heap before GC invocations=20 (full 0):
 garbage-first heap   total 81920K, used 65874K [0x000000008c000000, 0x0000000100000000)
  region size 1024K, 28 young (28672K), 3 survivors (3072K)
 Metaspace       used 84355K, committed 84992K, reserved 1179648K
  class space    used 11719K, committed 12032K, reserved 1048576K
}
Event: 20.090 GC heap after
{Heap after GC invocations=21 (full 0):
 garbage-first heap   total 81920K, used 46796K [0x000000008c000000, 0x0000000100000000)
  region size 1024K, 4 young (4096K), 4 survivors (4096K)
 Metaspace       used 84355K, committed 84992K, reserved 1179648K
  class space    used 11719K, committed 12032K, reserved 1048576K
}
Event: 20.420 GC heap before
{Heap before GC invocations=22 (full 0):
 garbage-first heap   total 86016K, used 63180K [0x000000008c000000, 0x0000000100000000)
  region size 1024K, 20 young (20480K), 4 survivors (4096K)
 Metaspace       used 84358K, committed 84992K, reserved 1179648K
  class space    used 11719K, committed 12032K, reserved 1048576K
}
Event: 20.440 GC heap after
{Heap after GC invocations=23 (full 0):
 garbage-first heap   total 86016K, used 51843K [0x000000008c000000, 0x0000000100000000)
  region size 1024K, 3 young (3072K), 3 survivors (3072K)
 Metaspace       used 84358K, committed 84992K, reserved 1179648K
  class space    used 11719K, committed 12032K, reserved 1048576K
}
Event: 20.450 GC heap before
{Heap before GC invocations=23 (full 0):
 garbage-first heap   total 86016K, used 52867K [0x000000008c000000, 0x0000000100000000)
  region size 1024K, 4 young (4096K), 3 survivors (3072K)
 Metaspace       used 84358K, committed 84992K, reserved 1179648K
  class space    used 11719K, committed 12032K, reserved 1048576K
}
Event: 20.462 GC heap after
{Heap after GC invocations=24 (full 0):
 garbage-first heap   total 86016K, used 52729K [0x000000008c000000, 0x0000000100000000)
  region size 1024K, 1 young (1024K), 1 survivors (1024K)
 Metaspace       used 84358K, committed 84992K, reserved 1179648K
  class space    used 11719K, committed 12032K, reserved 1048576K
}
Event: 20.615 GC heap before
{Heap before GC invocations=24 (full 0):
 garbage-first heap   total 86016K, used 65017K [0x000000008c000000, 0x0000000100000000)
  region size 1024K, 14 young (14336K), 1 survivors (1024K)
 Metaspace       used 84358K, committed 84992K, reserved 1179648K
  class space    used 11719K, committed 12032K, reserved 1048576K
}
Event: 20.639 GC heap after
{Heap after GC invocations=25 (full 0):
 garbage-first heap   total 195584K, used 57215K [0x000000008c000000, 0x0000000100000000)
  region size 1024K, 2 young (2048K), 2 survivors (2048K)
 Metaspace       used 84358K, committed 84992K, reserved 1179648K
  class space    used 11719K, committed 12032K, reserved 1048576K
}
Event: 21.397 GC heap before
{Heap before GC invocations=26 (full 0):
 garbage-first heap   total 194560K, used 128895K [0x000000008c000000, 0x0000000100000000)
  region size 1024K, 74 young (75776K), 2 survivors (2048K)
 Metaspace       used 84358K, committed 84992K, reserved 1179648K
  class space    used 11719K, committed 12032K, reserved 1048576K
}
Event: 21.415 GC heap after
{Heap after GC invocations=27 (full 0):
 garbage-first heap   total 194560K, used 66726K [0x000000008c000000, 0x0000000100000000)
  region size 1024K, 10 young (10240K), 10 survivors (10240K)
 Metaspace       used 84358K, committed 84992K, reserved 1179648K
  class space    used 11719K, committed 12032K, reserved 1048576K
}
Event: 21.417 GC heap before
{Heap before GC invocations=27 (full 0):
 garbage-first heap   total 194560K, used 67750K [0x000000008c000000, 0x0000000100000000)
  region size 1024K, 11 young (11264K), 10 survivors (10240K)
 Metaspace       used 84358K, committed 84992K, reserved 1179648K
  class space    used 11719K, committed 12032K, reserved 1048576K
}
Event: 21.427 GC heap after
{Heap after GC invocations=28 (full 0):
 garbage-first heap   total 194560K, used 67440K [0x000000008c000000, 0x0000000100000000)
  region size 1024K, 2 young (2048K), 2 survivors (2048K)
 Metaspace       used 84358K, committed 84992K, reserved 1179648K
  class space    used 11719K, committed 12032K, reserved 1048576K
}
Event: 21.984 GC heap before
{Heap before GC invocations=28 (full 0):
 garbage-first heap   total 194560K, used 127856K [0x000000008c000000, 0x0000000100000000)
  region size 1024K, 62 young (63488K), 2 survivors (2048K)
 Metaspace       used 85912K, committed 86592K, reserved 1179648K
  class space    used 12151K, committed 12480K, reserved 1048576K
}
Event: 21.993 GC heap after
{Heap after GC invocations=29 (full 0):
 garbage-first heap   total 194560K, used 71131K [0x000000008c000000, 0x0000000100000000)
  region size 1024K, 5 young (5120K), 5 survivors (5120K)
 Metaspace       used 85912K, committed 86592K, reserved 1179648K
  class space    used 12151K, committed 12480K, reserved 1048576K
}
Event: 22.655 GC heap before
{Heap before GC invocations=29 (full 0):
 garbage-first heap   total 194560K, used 133595K [0x000000008c000000, 0x0000000100000000)
  region size 1024K, 67 young (68608K), 5 survivors (5120K)
 Metaspace       used 88640K, committed 89280K, reserved 1179648K
  class space    used 12554K, committed 12864K, reserved 1048576K
}
Event: 22.664 GC heap after
{Heap after GC invocations=30 (full 0):
 garbage-first heap   total 194560K, used 77203K [0x000000008c000000, 0x0000000100000000)
  region size 1024K, 9 young (9216K), 9 survivors (9216K)
 Metaspace       used 88640K, committed 89280K, reserved 1179648K
  class space    used 12554K, committed 12864K, reserved 1048576K
}
Event: 22.874 GC heap before
{Heap before GC invocations=30 (full 0):
 garbage-first heap   total 194560K, used 141715K [0x000000008c000000, 0x0000000100000000)
  region size 1024K, 72 young (73728K), 9 survivors (9216K)
 Metaspace       used 88756K, committed 89344K, reserved 1179648K
  class space    used 12570K, committed 12864K, reserved 1048576K
}
Event: 22.884 GC heap after
{Heap after GC invocations=31 (full 0):
 garbage-first heap   total 194560K, used 79211K [0x000000008c000000, 0x0000000100000000)
  region size 1024K, 2 young (2048K), 2 survivors (2048K)
 Metaspace       used 88756K, committed 89344K, reserved 1179648K
  class space    used 12570K, committed 12864K, reserved 1048576K
}
Event: 23.215 GC heap before
{Heap before GC invocations=31 (full 0):
 garbage-first heap   total 194560K, used 146795K [0x000000008c000000, 0x0000000100000000)
  region size 1024K, 68 young (69632K), 2 survivors (2048K)
 Metaspace       used 88781K, committed 89408K, reserved 1179648K
  class space    used 12571K, committed 12864K, reserved 1048576K
}

