# JRE version: Java(TM) SE Runtime Environment (17.0.12+8) (build 17.0.12+8-LTS-286)
# Java VM: Java HotSpot(TM) 64-Bit Server VM (17.0.12+8-LTS-286, mixed mode, sharing, tiered, compressed oops, compressed class ptrs, g1 gc, windows-amd64)
GC Precious Log:
 CPUs: 8 total, 8 available
 Memory: 7418M
 Large Page Support: Disabled
 NUMA Support: Disabled
 Compressed Oops: Enabled (32-bit)
 Heap Region Size: 1M
 Heap Min Capacity: 8M
 Heap Initial Capacity: 116M
 Heap Max Capacity: 1856M
 Pre-touch: Disabled
 Parallel Workers: 8
 Concurrent Workers: 2
 Concurrent Refinement Workers: 8
 Periodic GC: Disabled
Heap:
 garbage-first heap   total 219136K, used 99957K [0x000000008c000000, 0x0000000100000000)
  region size 1024K, 23 young (23552K), 12 survivors (12288K)
 Metaspace       used 103863K, committed 104576K, reserved 1179648K
  class space    used 14617K, committed 14976K, reserved 1048576K
GC Heap History (20 events):
Event: 20.202 GC heap before
{Heap before GC invocations=22 (full 0):
 garbage-first heap   total 81920K, used 64591K [0x000000008c000000, 0x0000000100000000)
  region size 1024K, 27 young (27648K), 2 survivors (2048K)
 Metaspace       used 84302K, committed 84928K, reserved 1179648K
  class space    used 11716K, committed 12032K, reserved 1048576K
}
Event: 20.210 GC heap after
{Heap after GC invocations=23 (full 0):
 garbage-first heap   total 81920K, used 42885K [0x000000008c000000, 0x0000000100000000)
  region size 1024K, 4 young (4096K), 4 survivors (4096K)
 Metaspace       used 84302K, committed 84928K, reserved 1179648K
  class space    used 11716K, committed 12032K, reserved 1048576K
}
Event: 20.304 GC heap before
{Heap before GC invocations=24 (full 0):
 garbage-first heap   total 83968K, used 66437K [0x000000008c000000, 0x0000000100000000)
  region size 1024K, 27 young (27648K), 4 survivors (4096K)
 Metaspace       used 84304K, committed 84928K, reserved 1179648K
  class space    used 11716K, committed 12032K, reserved 1048576K
}
Event: 20.318 GC heap after
{Heap after GC invocations=25 (full 0):
 garbage-first heap   total 83968K, used 49838K [0x000000008c000000, 0x0000000100000000)
  region size 1024K, 4 young (4096K), 4 survivors (4096K)
 Metaspace       used 84304K, committed 84928K, reserved 1179648K
  class space    used 11716K, committed 12032K, reserved 1048576K
}
Event: 20.374 GC heap before
{Heap before GC invocations=25 (full 0):
 garbage-first heap   total 83968K, used 65198K [0x000000008c000000, 0x0000000100000000)
  region size 1024K, 20 young (20480K), 4 survivors (4096K)
 Metaspace       used 84304K, committed 84928K, reserved 1179648K
  class space    used 11716K, committed 12032K, reserved 1048576K
}
Event: 20.387 GC heap after
{Heap after GC invocations=26 (full 0):
 garbage-first heap   total 83968K, used 55690K [0x000000008c000000, 0x0000000100000000)
  region size 1024K, 3 young (3072K), 3 survivors (3072K)
 Metaspace       used 84304K, committed 84928K, reserved 1179648K
  class space    used 11716K, committed 12032K, reserved 1048576K
}
Event: 20.433 GC heap before
{Heap before GC invocations=26 (full 0):
 garbage-first heap   total 109568K, used 65930K [0x000000008c000000, 0x0000000100000000)
  region size 1024K, 13 young (13312K), 3 survivors (3072K)
 Metaspace       used 84304K, committed 84928K, reserved 1179648K
  class space    used 11716K, committed 12032K, reserved 1048576K
}
Event: 20.445 GC heap after
{Heap after GC invocations=27 (full 0):
 garbage-first heap   total 219136K, used 59789K [0x000000008c000000, 0x0000000100000000)
  region size 1024K, 2 young (2048K), 2 survivors (2048K)
 Metaspace       used 84304K, committed 84928K, reserved 1179648K
  class space    used 11716K, committed 12032K, reserved 1048576K
}
Event: 20.936 GC heap before
{Heap before GC invocations=28 (full 0):
 garbage-first heap   total 219136K, used 138637K [0x000000008c000000, 0x0000000100000000)
  region size 1024K, 78 young (79872K), 2 survivors (2048K)
 Metaspace       used 84308K, committed 84928K, reserved 1179648K
  class space    used 11716K, committed 12032K, reserved 1048576K
}
Event: 20.950 GC heap after
{Heap after GC invocations=29 (full 0):
 garbage-first heap   total 219136K, used 73584K [0x000000008c000000, 0x0000000100000000)
  region size 1024K, 10 young (10240K), 10 survivors (10240K)
 Metaspace       used 84308K, committed 84928K, reserved 1179648K
  class space    used 11716K, committed 12032K, reserved 1048576K
}
Event: 21.295 GC heap before
{Heap before GC invocations=29 (full 0):
 garbage-first heap   total 219136K, used 144240K [0x000000008c000000, 0x0000000100000000)
  region size 1024K, 80 young (81920K), 10 survivors (10240K)
 Metaspace       used 86839K, committed 87488K, reserved 1179648K
  class space    used 12263K, committed 12544K, reserved 1048576K
}
Event: 21.304 GC heap after
{Heap after GC invocations=30 (full 0):
 garbage-first heap   total 219136K, used 77440K [0x000000008c000000, 0x0000000100000000)
  region size 1024K, 4 young (4096K), 4 survivors (4096K)
 Metaspace       used 86839K, committed 87488K, reserved 1179648K
  class space    used 12263K, committed 12544K, reserved 1048576K
}
Event: 21.682 GC heap before
{Heap before GC invocations=30 (full 0):
 garbage-first heap   total 219136K, used 153216K [0x000000008c000000, 0x0000000100000000)
  region size 1024K, 78 young (79872K), 4 survivors (4096K)
 Metaspace       used 88583K, committed 89216K, reserved 1179648K
  class space    used 12552K, committed 12864K, reserved 1048576K
}
Event: 21.686 GC heap after
{Heap after GC invocations=31 (full 0):
 garbage-first heap   total 219136K, used 79502K [0x000000008c000000, 0x0000000100000000)
  region size 1024K, 6 young (6144K), 6 survivors (6144K)
 Metaspace       used 88583K, committed 89216K, reserved 1179648K
  class space    used 12552K, committed 12864K, reserved 1048576K
}
Event: 21.876 GC heap before
{Heap before GC invocations=31 (full 0):
 garbage-first heap   total 219136K, used 160398K [0x000000008c000000, 0x0000000100000000)
  region size 1024K, 85 young (87040K), 6 survivors (6144K)
 Metaspace       used 88710K, committed 89344K, reserved 1179648K
  class space    used 12570K, committed 12864K, reserved 1048576K
}
Event: 21.879 GC heap after
{Heap after GC invocations=32 (full 0):
 garbage-first heap   total 219136K, used 78513K [0x000000008c000000, 0x0000000100000000)
  region size 1024K, 5 young (5120K), 5 survivors (5120K)
 Metaspace       used 88710K, committed 89344K, reserved 1179648K
  class space    used 12570K, committed 12864K, reserved 1048576K
}
Event: 23.011 GC heap before
{Heap before GC invocations=32 (full 0):
 garbage-first heap   total 219136K, used 169649K [0x000000008c000000, 0x0000000100000000)
  region size 1024K, 94 young (96256K), 5 survivors (5120K)
 Metaspace       used 94274K, committed 94912K, reserved 1179648K
  class space    used 13234K, committed 13504K, reserved 1048576K
}
Event: 23.021 GC heap after
{Heap after GC invocations=33 (full 0):
 garbage-first heap   total 219136K, used 83838K [0x000000008c000000, 0x0000000100000000)
  region size 1024K, 10 young (10240K), 10 survivors (10240K)
 Metaspace       used 94274K, committed 94912K, reserved 1179648K
  class space    used 13234K, committed 13504K, reserved 1048576K
}
Event: 24.767 GC heap before
{Heap before GC invocations=33 (full 0):
 garbage-first heap   total 219136K, used 171902K [0x000000008c000000, 0x0000000100000000)
  region size 1024K, 96 young (98304K), 10 survivors (10240K)
 Metaspace       used 101563K, committed 102272K, reserved 1179648K
  class space    used 14294K, committed 14592K, reserved 1048576K
}
Event: 24.778 GC heap after
{Heap after GC invocations=34 (full 0):
 garbage-first heap   total 219136K, used 89717K [0x000000008c000000, 0x0000000100000000)
  region size 1024K, 12 young (12288K), 12 survivors (12288K)
 Metaspace       used 101563K, committed 102272K, reserved 1179648K
  class space    used 14294K, committed 14592K, reserved 1048576K
}

